[2025-03-04 14:28:58Z INFO HostContext] No proxy settings were found based on environmental variables (http_proxy/https_proxy/HTTP_PROXY/HTTPS_PROXY)
[2025-03-04 14:28:58Z INFO HostContext] Well known directory 'Bin': 'C:\Users\ASUS\OneDrive\Desktop\mypracticerepo\kumarnpractice\actions-runner\bin'
[2025-03-04 14:28:58Z INFO HostContext] Well known directory 'Root': 'C:\Users\ASUS\OneDrive\Desktop\mypracticerepo\kumarnpractice\actions-runner'
[2025-03-04 14:28:58Z INFO HostContext] Well known config file 'Credentials': 'C:\Users\ASUS\OneDrive\Desktop\mypracticerepo\kumarnpractice\actions-runner\.credentials'
[2025-03-04 14:28:58Z INFO HostContext] Well known directory 'Bin': 'C:\Users\ASUS\OneDrive\Desktop\mypracticerepo\kumarnpractice\actions-runner\bin'
[2025-03-04 14:28:58Z INFO HostContext] Well known directory 'Root': 'C:\Users\ASUS\OneDrive\Desktop\mypracticerepo\kumarnpractice\actions-runner'
[2025-03-04 14:28:58Z INFO HostContext] Well known config file 'Runner': 'C:\Users\ASUS\OneDrive\Desktop\mypracticerepo\kumarnpractice\actions-runner\.runner'
[2025-03-04 14:28:58Z INFO Listener] Runner is built for Windows (X64) - win-x64.
[2025-03-04 14:28:58Z INFO Listener] RuntimeInformation: Microsoft Windows 10.0.19045.
[2025-03-04 14:28:58Z INFO Listener] Version: 2.322.0
[2025-03-04 14:28:58Z INFO Listener] Commit: 0edc478ca75d0a753dcbcec7405f3f26db67b1ac
[2025-03-04 14:28:58Z INFO Listener] Culture: en-US
[2025-03-04 14:28:58Z INFO Listener] UI Culture: en-US
[2025-03-04 14:28:58Z INFO HostContext] Well known directory 'Bin': 'C:\Users\ASUS\OneDrive\Desktop\mypracticerepo\kumarnpractice\actions-runner\bin'
[2025-03-04 14:28:58Z INFO HostContext] Well known directory 'Root': 'C:\Users\ASUS\OneDrive\Desktop\mypracticerepo\kumarnpractice\actions-runner'
[2025-03-04 14:28:58Z INFO Listener] Validating directory permissions for: 'C:\Users\ASUS\OneDrive\Desktop\mypracticerepo\kumarnpractice\actions-runner'
[2025-03-04 14:28:58Z ERR  Terminal] WRITE ERROR: An error occurred: Permission to read the directory contents is required for 'C:\Users\ASUS\OneDrive\Desktop\mypracticerepo\kumarnpractice\actions-runner' and each directory up the hierarchy. Access to the path 'C:\Users\ASUS\OneDrive\Desktop\mypracticerepo\kumarnpractice' is denied.
[2025-03-04 14:28:58Z ERR  Listener] System.UnauthorizedAccessException: Permission to read the directory contents is required for 'C:\Users\ASUS\OneDrive\Desktop\mypracticerepo\kumarnpractice\actions-runner' and each directory up the hierarchy. Access to the path 'C:\Users\ASUS\OneDrive\Desktop\mypracticerepo\kumarnpractice' is denied.
 ---> System.UnauthorizedAccessException: Access to the path 'C:\Users\ASUS\OneDrive\Desktop\mypracticerepo\kumarnpractice' is denied.
   at System.IO.Enumeration.FileSystemEnumerator`1.CreateDirectoryHandle(String path, Boolean ignoreNotFound)
   at System.IO.Enumeration.FileSystemEnumerator`1.Init()
   at System.IO.Enumeration.FileSystemEnumerable`1..ctor(String directory, FindTransform transform, EnumerationOptions options, Boolean isNormalized)
   at System.IO.Enumeration.FileSystemEnumerableFactory.UserEntries(String directory, String expression, EnumerationOptions options)
   at System.IO.Directory.InternalEnumeratePaths(String path, String searchPattern, SearchTarget searchTarget, EnumerationOptions options)
   at GitHub.Runner.Sdk.IOUtil.ValidateExecutePermission(String directory)
   --- End of inner exception stack trace ---
   at GitHub.Runner.Sdk.IOUtil.ValidateExecutePermission(String directory)
   at GitHub.Runner.Listener.Program.MainAsync(IHostContext context, String[] args)
[2025-03-04 14:28:58Z ERR  Listener] #####################################################
[2025-03-04 14:28:58Z ERR  Listener] System.UnauthorizedAccessException: Access to the path 'C:\Users\ASUS\OneDrive\Desktop\mypracticerepo\kumarnpractice' is denied.
   at System.IO.Enumeration.FileSystemEnumerator`1.CreateDirectoryHandle(String path, Boolean ignoreNotFound)
   at System.IO.Enumeration.FileSystemEnumerator`1.Init()
   at System.IO.Enumeration.FileSystemEnumerable`1..ctor(String directory, FindTransform transform, EnumerationOptions options, Boolean isNormalized)
   at System.IO.Enumeration.FileSystemEnumerableFactory.UserEntries(String directory, String expression, EnumerationOptions options)
   at System.IO.Directory.InternalEnumeratePaths(String path, String searchPattern, SearchTarget searchTarget, EnumerationOptions options)
   at GitHub.Runner.Sdk.IOUtil.ValidateExecutePermission(String directory)
