[2025-03-04 15:09:31Z INFO HostContext] No proxy settings were found based on environmental variables (http_proxy/https_proxy/HTTP_PROXY/HTTPS_PROXY)
[2025-03-04 15:09:31Z INFO HostContext] Well known directory 'Bin': 'C:\Users\ASUS\OneDrive\Desktop\mypracticerepo\kumarnpractice\actions-runner\bin'
[2025-03-04 15:09:31Z INFO HostContext] Well known directory 'Root': 'C:\Users\ASUS\OneDrive\Desktop\mypracticerepo\kumarnpractice\actions-runner'
[2025-03-04 15:09:31Z INFO HostContext] Well known config file 'Credentials': 'C:\Users\ASUS\OneDrive\Desktop\mypracticerepo\kumarnpractice\actions-runner\.credentials'
[2025-03-04 15:09:31Z INFO HostContext] Well known directory 'Bin': 'C:\Users\ASUS\OneDrive\Desktop\mypracticerepo\kumarnpractice\actions-runner\bin'
[2025-03-04 15:09:31Z INFO HostContext] Well known directory 'Root': 'C:\Users\ASUS\OneDrive\Desktop\mypracticerepo\kumarnpractice\actions-runner'
[2025-03-04 15:09:31Z INFO HostContext] Well known config file 'Runner': 'C:\Users\ASUS\OneDrive\Desktop\mypracticerepo\kumarnpractice\actions-runner\.runner'
[2025-03-04 15:09:31Z INFO Listener] Runner is built for Windows (X64) - win-x64.
[2025-03-04 15:09:31Z INFO Listener] RuntimeInformation: Microsoft Windows 10.0.19045.
[2025-03-04 15:09:31Z INFO Listener] Version: 2.322.0
[2025-03-04 15:09:31Z INFO Listener] Commit: 0edc478ca75d0a753dcbcec7405f3f26db67b1ac
[2025-03-04 15:09:31Z INFO Listener] Culture: en-US
[2025-03-04 15:09:31Z INFO Listener] UI Culture: en-US
[2025-03-04 15:09:31Z INFO HostContext] Well known directory 'Bin': 'C:\Users\ASUS\OneDrive\Desktop\mypracticerepo\kumarnpractice\actions-runner\bin'
[2025-03-04 15:09:31Z INFO HostContext] Well known directory 'Root': 'C:\Users\ASUS\OneDrive\Desktop\mypracticerepo\kumarnpractice\actions-runner'
[2025-03-04 15:09:31Z INFO Listener] Validating directory permissions for: 'C:\Users\ASUS\OneDrive\Desktop\mypracticerepo\kumarnpractice\actions-runner'
[2025-03-04 15:09:31Z INFO CommandLineParser] Parse
[2025-03-04 15:09:31Z INFO CommandLineParser] Parsing 1 args
[2025-03-04 15:09:31Z INFO CommandLineParser] parsing argument
[2025-03-04 15:09:31Z INFO CommandLineParser] HasArgs: False
[2025-03-04 15:09:31Z INFO CommandLineParser] Adding Command: run
[2025-03-04 15:09:31Z INFO Listener] Arguments parsed
[2025-03-04 15:09:31Z INFO Runner] ExecuteCommand
[2025-03-04 15:09:31Z INFO ConfigurationStore] currentAssemblyLocation: C:\Users\ASUS\OneDrive\Desktop\mypracticerepo\kumarnpractice\actions-runner\bin\Runner.Listener.dll
[2025-03-04 15:09:31Z INFO HostContext] Well known directory 'Bin': 'C:\Users\ASUS\OneDrive\Desktop\mypracticerepo\kumarnpractice\actions-runner\bin'
[2025-03-04 15:09:31Z INFO ConfigurationStore] binPath: C:\Users\ASUS\OneDrive\Desktop\mypracticerepo\kumarnpractice\actions-runner\bin
[2025-03-04 15:09:31Z INFO HostContext] Well known directory 'Bin': 'C:\Users\ASUS\OneDrive\Desktop\mypracticerepo\kumarnpractice\actions-runner\bin'
[2025-03-04 15:09:31Z INFO HostContext] Well known directory 'Root': 'C:\Users\ASUS\OneDrive\Desktop\mypracticerepo\kumarnpractice\actions-runner'
[2025-03-04 15:09:31Z INFO ConfigurationStore] RootFolder: C:\Users\ASUS\OneDrive\Desktop\mypracticerepo\kumarnpractice\actions-runner
[2025-03-04 15:09:31Z INFO HostContext] Well known directory 'Bin': 'C:\Users\ASUS\OneDrive\Desktop\mypracticerepo\kumarnpractice\actions-runner\bin'
[2025-03-04 15:09:31Z INFO HostContext] Well known directory 'Root': 'C:\Users\ASUS\OneDrive\Desktop\mypracticerepo\kumarnpractice\actions-runner'
[2025-03-04 15:09:31Z INFO HostContext] Well known config file 'Runner': 'C:\Users\ASUS\OneDrive\Desktop\mypracticerepo\kumarnpractice\actions-runner\.runner'
[2025-03-04 15:09:31Z INFO ConfigurationStore] ConfigFilePath: C:\Users\ASUS\OneDrive\Desktop\mypracticerepo\kumarnpractice\actions-runner\.runner
[2025-03-04 15:09:31Z INFO HostContext] Well known directory 'Bin': 'C:\Users\ASUS\OneDrive\Desktop\mypracticerepo\kumarnpractice\actions-runner\bin'
[2025-03-04 15:09:31Z INFO HostContext] Well known directory 'Root': 'C:\Users\ASUS\OneDrive\Desktop\mypracticerepo\kumarnpractice\actions-runner'
[2025-03-04 15:09:31Z INFO HostContext] Well known config file 'Credentials': 'C:\Users\ASUS\OneDrive\Desktop\mypracticerepo\kumarnpractice\actions-runner\.credentials'
[2025-03-04 15:09:31Z INFO ConfigurationStore] CredFilePath: C:\Users\ASUS\OneDrive\Desktop\mypracticerepo\kumarnpractice\actions-runner\.credentials
[2025-03-04 15:09:31Z INFO HostContext] Well known directory 'Bin': 'C:\Users\ASUS\OneDrive\Desktop\mypracticerepo\kumarnpractice\actions-runner\bin'
[2025-03-04 15:09:31Z INFO HostContext] Well known directory 'Root': 'C:\Users\ASUS\OneDrive\Desktop\mypracticerepo\kumarnpractice\actions-runner'
[2025-03-04 15:09:31Z INFO HostContext] Well known config file 'MigratedCredentials': 'C:\Users\ASUS\OneDrive\Desktop\mypracticerepo\kumarnpractice\actions-runner\.credentials_migrated'
[2025-03-04 15:09:31Z INFO ConfigurationStore] MigratedCredFilePath: C:\Users\ASUS\OneDrive\Desktop\mypracticerepo\kumarnpractice\actions-runner\.credentials_migrated
[2025-03-04 15:09:31Z INFO HostContext] Well known directory 'Bin': 'C:\Users\ASUS\OneDrive\Desktop\mypracticerepo\kumarnpractice\actions-runner\bin'
[2025-03-04 15:09:31Z INFO HostContext] Well known directory 'Root': 'C:\Users\ASUS\OneDrive\Desktop\mypracticerepo\kumarnpractice\actions-runner'
[2025-03-04 15:09:31Z INFO HostContext] Well known config file 'Service': 'C:\Users\ASUS\OneDrive\Desktop\mypracticerepo\kumarnpractice\actions-runner\.service'
[2025-03-04 15:09:31Z INFO ConfigurationStore] ServiceConfigFilePath: C:\Users\ASUS\OneDrive\Desktop\mypracticerepo\kumarnpractice\actions-runner\.service
[2025-03-04 15:09:31Z INFO CommandSettings] Flag 'help': 'False'
[2025-03-04 15:09:31Z INFO CommandSettings] Flag 'version': 'False'
[2025-03-04 15:09:31Z INFO CommandSettings] Flag 'commit': 'False'
[2025-03-04 15:09:31Z INFO CommandSettings] Flag 'check': 'False'
[2025-03-04 15:09:31Z INFO CommandSettings] Command 'configure': 'False'
[2025-03-04 15:09:31Z INFO CommandSettings] Command 'remove': 'False'
[2025-03-04 15:09:31Z INFO CommandSettings] Command 'warmup': 'False'
[2025-03-04 15:09:31Z INFO ConfigurationManager] LoadSettings
[2025-03-04 15:09:31Z INFO ConfigurationStore] IsConfigured()
[2025-03-04 15:09:31Z INFO ConfigurationStore] IsConfigured: True
[2025-03-04 15:09:31Z INFO ConfigurationManager] Is configured: True
[2025-03-04 15:09:31Z INFO ConfigurationStore] Read setting file: 308 chars
[2025-03-04 15:09:31Z INFO ConfigurationManager] Settings Loaded
[2025-03-04 15:09:31Z INFO ConfigurationStore] IsServiceConfigured()
[2025-03-04 15:09:31Z INFO ConfigurationStore] IsServiceConfigured: True
[2025-03-04 15:09:31Z INFO CommandSettings] Command 'run': 'True'
[2025-03-04 15:09:31Z INFO ConfigurationStore] IsConfigured()
[2025-03-04 15:09:31Z INFO ConfigurationStore] IsConfigured: True
[2025-03-04 15:09:31Z INFO ConfigurationManager] Is configured: True
[2025-03-04 15:09:31Z INFO Runner] Try determine runner startup type base on console redirects.
[2025-03-04 15:09:31Z INFO Runner] Set runner startup type - Manual
[2025-03-04 15:09:31Z INFO CommandSettings] Flag 'once': 'False'
[2025-03-04 15:09:31Z INFO CommandSettings] Flag 'once': 'False'
[2025-03-04 15:09:31Z INFO Runner] RunAsync
[2025-03-04 15:09:31Z INFO ConfigurationManager] LoadSettings
[2025-03-04 15:09:31Z INFO ConfigurationStore] IsConfigured()
[2025-03-04 15:09:31Z INFO ConfigurationStore] IsConfigured: True
[2025-03-04 15:09:31Z INFO ConfigurationManager] Is configured: True
[2025-03-04 15:09:31Z INFO ConfigurationManager] Settings Loaded
[2025-03-04 15:09:31Z INFO MessageListener] {
  "AgentId": 2,
  "AgentName": "myrunner",
  "PoolId": 1,
  "PoolName": "Default",
  "ServerUrl": "https://pipelinesghubeus8.actions.githubusercontent.com/SpZhSwZKENrXQDyek3EufDtqLED2Luv4OVR7m5QCj3GUIY8qbE/",
  "GitHubUrl": "https://github.com/rameshgbabu/kumarnpractice",
  "WorkFolder": "_work"
}
[2025-03-04 15:09:31Z INFO MessageListener] Loading Credentials
[2025-03-04 15:09:31Z INFO ConfigurationStore] HasCredentials()
[2025-03-04 15:09:31Z INFO ConfigurationStore] stored True
[2025-03-04 15:09:31Z INFO CredentialManager] GetCredentialProvider
[2025-03-04 15:09:31Z INFO CredentialManager] Creating type OAuth
[2025-03-04 15:09:31Z INFO CredentialManager] Creating credential type: OAuth
[2025-03-04 15:09:31Z INFO HostContext] Well known directory 'Bin': 'C:\Users\ASUS\OneDrive\Desktop\mypracticerepo\kumarnpractice\actions-runner\bin'
[2025-03-04 15:09:31Z INFO HostContext] Well known directory 'Root': 'C:\Users\ASUS\OneDrive\Desktop\mypracticerepo\kumarnpractice\actions-runner'
[2025-03-04 15:09:31Z INFO HostContext] Well known config file 'RSACredentials': 'C:\Users\ASUS\OneDrive\Desktop\mypracticerepo\kumarnpractice\actions-runner\.credentials_rsaparams'
[2025-03-04 15:09:31Z INFO RSAEncryptedFileKeyManager] Loading RSA key parameters from file C:\Users\ASUS\OneDrive\Desktop\mypracticerepo\kumarnpractice\actions-runner\.credentials_rsaparams
[2025-03-04 15:09:31Z INFO MessageListener] Attempt to create session.
[2025-03-04 15:09:31Z INFO MessageListener] Connecting to the Runner Server...
[2025-03-04 15:09:31Z INFO RunnerServer] EstablishVssConnection
[2025-03-04 15:09:31Z INFO RunnerServer] Establish connection with 100 seconds timeout.
[2025-03-04 15:09:31Z INFO GitHubActionsService] Starting operation Location.GetConnectionData
[2025-03-04 15:09:31Z INFO RunnerServer] EstablishVssConnection
[2025-03-04 15:09:31Z INFO RunnerServer] Establish connection with 60 seconds timeout.
[2025-03-04 15:09:31Z INFO GitHubActionsService] Starting operation Location.GetConnectionData
[2025-03-04 15:09:31Z INFO RunnerServer] EstablishVssConnection
[2025-03-04 15:09:31Z INFO RunnerServer] Establish connection with 60 seconds timeout.
[2025-03-04 15:09:31Z INFO GitHubActionsService] Starting operation Location.GetConnectionData
[2025-03-04 15:09:32Z INFO GitHubActionsService] Finished operation Location.GetConnectionData
[2025-03-04 15:09:32Z INFO GitHubActionsService] Finished operation Location.GetConnectionData
[2025-03-04 15:09:32Z INFO GitHubActionsService] Finished operation Location.GetConnectionData
[2025-03-04 15:09:32Z INFO MessageListener] VssConnection created
[2025-03-04 15:09:32Z INFO Terminal] WRITE LINE: 
[2025-03-04 15:09:32Z INFO Terminal] WRITE LINE: 
[2025-03-04 15:09:33Z INFO RSAEncryptedFileKeyManager] Loading RSA key parameters from file C:\Users\ASUS\OneDrive\Desktop\mypracticerepo\kumarnpractice\actions-runner\.credentials_rsaparams
[2025-03-04 15:09:33Z INFO RSAEncryptedFileKeyManager] Loading RSA key parameters from file C:\Users\ASUS\OneDrive\Desktop\mypracticerepo\kumarnpractice\actions-runner\.credentials_rsaparams
[2025-03-04 15:09:34Z INFO GitHubActionsService] AAD Correlation ID for this token request: Unknown
[2025-03-04 15:09:34Z INFO MessageListener] Session created.
[2025-03-04 15:09:34Z INFO Terminal] WRITE LINE: Current runner version: '2.322.0'
[2025-03-04 15:09:34Z INFO Terminal] WRITE LINE: 2025-03-04 15:09:34Z: Listening for Jobs
[2025-03-04 15:09:34Z INFO JobDispatcher] Set runner/worker IPC timeout to 30 seconds.
[2025-03-04 15:09:35Z INFO RSAEncryptedFileKeyManager] Loading RSA key parameters from file C:\Users\ASUS\OneDrive\Desktop\mypracticerepo\kumarnpractice\actions-runner\.credentials_rsaparams
[2025-03-04 15:09:35Z INFO GitHubActionsService] AAD Correlation ID for this token request: Unknown
[2025-03-04 15:39:56Z INFO MessageListener] No message retrieved from session '508173db-53f7-4c49-ac17-c8e0b46dbb7f' within last 30 minutes.
[2025-03-04 16:00:10Z INFO RSAEncryptedFileKeyManager] Loading RSA key parameters from file C:\Users\ASUS\OneDrive\Desktop\mypracticerepo\kumarnpractice\actions-runner\.credentials_rsaparams
[2025-03-04 16:00:11Z INFO GitHubActionsService] AAD Correlation ID for this token request: Unknown
[2025-03-04 16:05:14Z INFO RSAEncryptedFileKeyManager] Loading RSA key parameters from file C:\Users\ASUS\OneDrive\Desktop\mypracticerepo\kumarnpractice\actions-runner\.credentials_rsaparams
[2025-03-04 16:05:15Z INFO GitHubActionsService] AAD Correlation ID for this token request: Unknown
[2025-03-04 16:10:19Z INFO MessageListener] No message retrieved from session '508173db-53f7-4c49-ac17-c8e0b46dbb7f' within last 30 minutes.
[2025-03-04 16:40:47Z INFO MessageListener] No message retrieved from session '508173db-53f7-4c49-ac17-c8e0b46dbb7f' within last 30 minutes.
[2025-03-04 16:50:15Z INFO RSAEncryptedFileKeyManager] Loading RSA key parameters from file C:\Users\ASUS\OneDrive\Desktop\mypracticerepo\kumarnpractice\actions-runner\.credentials_rsaparams
[2025-03-04 16:50:17Z INFO GitHubActionsService] AAD Correlation ID for this token request: Unknown
[2025-03-04 16:50:17Z WARN GitHubActionsService] Retrieving an AAD auth token took a long time (2.3570919 seconds)
[2025-03-04 17:00:27Z INFO RSAEncryptedFileKeyManager] Loading RSA key parameters from file C:\Users\ASUS\OneDrive\Desktop\mypracticerepo\kumarnpractice\actions-runner\.credentials_rsaparams
[2025-03-04 17:00:28Z INFO GitHubActionsService] AAD Correlation ID for this token request: Unknown
