[2025-03-04 14:28:04Z INFO HostContext] No proxy settings were found based on environmental variables (http_proxy/https_proxy/HTTP_PROXY/HTTPS_PROXY)
[2025-03-04 14:28:04Z INFO HostContext] Well known directory 'Bin': 'C:\Users\ASUS\OneDrive\Desktop\mypracticerepo\kumarnpractice\actions-runner\bin'
[2025-03-04 14:28:04Z INFO HostContext] Well known directory 'Root': 'C:\Users\ASUS\OneDrive\Desktop\mypracticerepo\kumarnpractice\actions-runner'
[2025-03-04 14:28:04Z INFO HostContext] Well known config file 'Credentials': 'C:\Users\ASUS\OneDrive\Desktop\mypracticerepo\kumarnpractice\actions-runner\.credentials'
[2025-03-04 14:28:04Z INFO HostContext] Well known directory 'Bin': 'C:\Users\ASUS\OneDrive\Desktop\mypracticerepo\kumarnpractice\actions-runner\bin'
[2025-03-04 14:28:04Z INFO HostContext] Well known directory 'Root': 'C:\Users\ASUS\OneDrive\Desktop\mypracticerepo\kumarnpractice\actions-runner'
[2025-03-04 14:28:04Z INFO HostContext] Well known config file 'Runner': 'C:\Users\ASUS\OneDrive\Desktop\mypracticerepo\kumarnpractice\actions-runner\.runner'
[2025-03-04 14:28:04Z INFO Listener] Runner is built for Windows (X64) - win-x64.
[2025-03-04 14:28:04Z INFO Listener] RuntimeInformation: Microsoft Windows 10.0.19045.
[2025-03-04 14:28:04Z INFO Listener] Version: 2.322.0
[2025-03-04 14:28:04Z INFO Listener] Commit: 0edc478ca75d0a753dcbcec7405f3f26db67b1ac
[2025-03-04 14:28:04Z INFO Listener] Culture: en-US
[2025-03-04 14:28:04Z INFO Listener] UI Culture: en-US
[2025-03-04 14:28:04Z INFO HostContext] Well known directory 'Bin': 'C:\Users\ASUS\OneDrive\Desktop\mypracticerepo\kumarnpractice\actions-runner\bin'
[2025-03-04 14:28:04Z INFO HostContext] Well known directory 'Root': 'C:\Users\ASUS\OneDrive\Desktop\mypracticerepo\kumarnpractice\actions-runner'
[2025-03-04 14:28:04Z INFO Listener] Validating directory permissions for: 'C:\Users\ASUS\OneDrive\Desktop\mypracticerepo\kumarnpractice\actions-runner'
[2025-03-04 14:28:04Z INFO CommandLineParser] Parse
[2025-03-04 14:28:04Z INFO CommandLineParser] Parsing 5 args
[2025-03-04 14:28:04Z INFO CommandLineParser] parsing argument
[2025-03-04 14:28:04Z INFO CommandLineParser] HasArgs: False
[2025-03-04 14:28:04Z INFO CommandLineParser] Adding Command: configure
[2025-03-04 14:28:04Z INFO CommandLineParser] parsing argument
[2025-03-04 14:28:04Z INFO CommandLineParser] HasArgs: True
[2025-03-04 14:28:04Z INFO CommandLineParser] arg: url
[2025-03-04 14:28:04Z INFO CommandLineParser] parsing argument
[2025-03-04 14:28:04Z INFO CommandLineParser] HasArgs: True
[2025-03-04 14:28:04Z INFO CommandLineParser] Adding option 'url': 'https://github.com/rameshgbabu/kumarnpractice'
[2025-03-04 14:28:04Z INFO CommandLineParser] parsing argument
[2025-03-04 14:28:04Z INFO CommandLineParser] HasArgs: True
[2025-03-04 14:28:04Z INFO CommandLineParser] arg: token
[2025-03-04 14:28:04Z INFO CommandLineParser] parsing argument
[2025-03-04 14:28:04Z INFO CommandLineParser] HasArgs: True
[2025-03-04 14:28:04Z INFO CommandLineParser] Adding option 'token': '***'
[2025-03-04 14:28:04Z INFO Listener] Arguments parsed
[2025-03-04 14:28:04Z INFO Runner] ExecuteCommand
[2025-03-04 14:28:04Z INFO ConfigurationStore] currentAssemblyLocation: C:\Users\ASUS\OneDrive\Desktop\mypracticerepo\kumarnpractice\actions-runner\bin\Runner.Listener.dll
[2025-03-04 14:28:04Z INFO HostContext] Well known directory 'Bin': 'C:\Users\ASUS\OneDrive\Desktop\mypracticerepo\kumarnpractice\actions-runner\bin'
[2025-03-04 14:28:04Z INFO ConfigurationStore] binPath: C:\Users\ASUS\OneDrive\Desktop\mypracticerepo\kumarnpractice\actions-runner\bin
[2025-03-04 14:28:04Z INFO HostContext] Well known directory 'Bin': 'C:\Users\ASUS\OneDrive\Desktop\mypracticerepo\kumarnpractice\actions-runner\bin'
[2025-03-04 14:28:04Z INFO HostContext] Well known directory 'Root': 'C:\Users\ASUS\OneDrive\Desktop\mypracticerepo\kumarnpractice\actions-runner'
[2025-03-04 14:28:04Z INFO ConfigurationStore] RootFolder: C:\Users\ASUS\OneDrive\Desktop\mypracticerepo\kumarnpractice\actions-runner
[2025-03-04 14:28:04Z INFO HostContext] Well known directory 'Bin': 'C:\Users\ASUS\OneDrive\Desktop\mypracticerepo\kumarnpractice\actions-runner\bin'
[2025-03-04 14:28:04Z INFO HostContext] Well known directory 'Root': 'C:\Users\ASUS\OneDrive\Desktop\mypracticerepo\kumarnpractice\actions-runner'
[2025-03-04 14:28:04Z INFO HostContext] Well known config file 'Runner': 'C:\Users\ASUS\OneDrive\Desktop\mypracticerepo\kumarnpractice\actions-runner\.runner'
[2025-03-04 14:28:04Z INFO ConfigurationStore] ConfigFilePath: C:\Users\ASUS\OneDrive\Desktop\mypracticerepo\kumarnpractice\actions-runner\.runner
[2025-03-04 14:28:04Z INFO HostContext] Well known directory 'Bin': 'C:\Users\ASUS\OneDrive\Desktop\mypracticerepo\kumarnpractice\actions-runner\bin'
[2025-03-04 14:28:04Z INFO HostContext] Well known directory 'Root': 'C:\Users\ASUS\OneDrive\Desktop\mypracticerepo\kumarnpractice\actions-runner'
[2025-03-04 14:28:04Z INFO HostContext] Well known config file 'Credentials': 'C:\Users\ASUS\OneDrive\Desktop\mypracticerepo\kumarnpractice\actions-runner\.credentials'
[2025-03-04 14:28:04Z INFO ConfigurationStore] CredFilePath: C:\Users\ASUS\OneDrive\Desktop\mypracticerepo\kumarnpractice\actions-runner\.credentials
[2025-03-04 14:28:04Z INFO HostContext] Well known directory 'Bin': 'C:\Users\ASUS\OneDrive\Desktop\mypracticerepo\kumarnpractice\actions-runner\bin'
[2025-03-04 14:28:04Z INFO HostContext] Well known directory 'Root': 'C:\Users\ASUS\OneDrive\Desktop\mypracticerepo\kumarnpractice\actions-runner'
[2025-03-04 14:28:04Z INFO HostContext] Well known config file 'MigratedCredentials': 'C:\Users\ASUS\OneDrive\Desktop\mypracticerepo\kumarnpractice\actions-runner\.credentials_migrated'
[2025-03-04 14:28:04Z INFO ConfigurationStore] MigratedCredFilePath: C:\Users\ASUS\OneDrive\Desktop\mypracticerepo\kumarnpractice\actions-runner\.credentials_migrated
[2025-03-04 14:28:04Z INFO HostContext] Well known directory 'Bin': 'C:\Users\ASUS\OneDrive\Desktop\mypracticerepo\kumarnpractice\actions-runner\bin'
[2025-03-04 14:28:04Z INFO HostContext] Well known directory 'Root': 'C:\Users\ASUS\OneDrive\Desktop\mypracticerepo\kumarnpractice\actions-runner'
[2025-03-04 14:28:04Z INFO HostContext] Well known config file 'Service': 'C:\Users\ASUS\OneDrive\Desktop\mypracticerepo\kumarnpractice\actions-runner\.service'
[2025-03-04 14:28:04Z INFO ConfigurationStore] ServiceConfigFilePath: C:\Users\ASUS\OneDrive\Desktop\mypracticerepo\kumarnpractice\actions-runner\.service
[2025-03-04 14:28:04Z INFO CommandSettings] Flag 'help': 'False'
[2025-03-04 14:28:04Z INFO CommandSettings] Flag 'version': 'False'
[2025-03-04 14:28:04Z INFO CommandSettings] Flag 'commit': 'False'
[2025-03-04 14:28:04Z INFO CommandSettings] Flag 'check': 'False'
[2025-03-04 14:28:04Z INFO CommandSettings] Command 'configure': 'True'
[2025-03-04 14:28:04Z INFO Terminal] WRITE LINE: 
[2025-03-04 14:28:04Z INFO Terminal] WRITE LINE: --------------------------------------------------------------------------------
[2025-03-04 14:28:04Z INFO Terminal] WRITE LINE: |        ____ _ _   _   _       _          _        _   _                      |
[2025-03-04 14:28:04Z INFO Terminal] WRITE LINE: |       / ___(_) |_| | | |_   _| |__      / \   ___| |_(_) ___  _ __  ___      |
[2025-03-04 14:28:04Z INFO Terminal] WRITE LINE: |      | |  _| | __| |_| | | | | '_ \    / _ \ / __| __| |/ _ \| '_ \/ __|     |
[2025-03-04 14:28:04Z INFO Terminal] WRITE LINE: |      | |_| | | |_|  _  | |_| | |_) |  / ___ \ (__| |_| | (_) | | | \__ \     |
[2025-03-04 14:28:04Z INFO Terminal] WRITE LINE: |       \____|_|\__|_| |_|\__,_|_.__/  /_/   \_\___|\__|_|\___/|_| |_|___/     |
[2025-03-04 14:28:04Z INFO Terminal] WRITE LINE: |                                                                              |
[2025-03-04 14:28:04Z INFO Terminal] WRITE: |                       
[2025-03-04 14:28:04Z INFO Terminal] WRITE: Self-hosted runner registration
[2025-03-04 14:28:04Z INFO Terminal] WRITE LINE:                         |
[2025-03-04 14:28:04Z INFO Terminal] WRITE LINE: |                                                                              |
[2025-03-04 14:28:04Z INFO Terminal] WRITE LINE: --------------------------------------------------------------------------------
[2025-03-04 14:28:04Z INFO ConfigurationManager] ConfigureAsync
[2025-03-04 14:28:04Z INFO CommandSettings] Flag 'generateServiceConfig': 'False'
[2025-03-04 14:28:04Z INFO ConfigurationStore] IsConfigured()
[2025-03-04 14:28:04Z INFO ConfigurationStore] IsConfigured: False
[2025-03-04 14:28:04Z INFO ConfigurationManager] Is configured: False
[2025-03-04 14:28:04Z INFO CommandSettings] Arg 'url': 'https://github.com/rameshgbabu/kumarnpractice'
[2025-03-04 14:28:04Z INFO CommandSettings] Remove url from Arg dictionary.
[2025-03-04 14:28:04Z INFO CommandSettings] Arg 'token': '***'
[2025-03-04 14:28:04Z INFO CommandSettings] Remove token from Arg dictionary.
[2025-03-04 14:28:13Z INFO ConfigurationManager] Http response code: OK from 'POST https://api.github.com/actions/runner-registration' (E807:13F653:16DA0F:1B8D1C:67C70DFC)
[2025-03-04 14:28:13Z INFO ConfigurationManager] Using V2 flow: False
[2025-03-04 14:28:13Z INFO ConfigurationManager] cred retrieved via GitHub auth
[2025-03-04 14:28:13Z INFO RunnerServer] EstablishVssConnection
[2025-03-04 14:28:13Z INFO RunnerServer] Establish connection with 100 seconds timeout.
[2025-03-04 14:28:13Z INFO GitHubActionsService] Starting operation Location.GetConnectionData
[2025-03-04 14:28:13Z INFO RunnerServer] EstablishVssConnection
[2025-03-04 14:28:13Z INFO RunnerServer] Establish connection with 60 seconds timeout.
[2025-03-04 14:28:13Z INFO GitHubActionsService] Starting operation Location.GetConnectionData
[2025-03-04 14:28:13Z INFO RunnerServer] EstablishVssConnection
[2025-03-04 14:28:13Z INFO RunnerServer] Establish connection with 60 seconds timeout.
[2025-03-04 14:28:13Z INFO GitHubActionsService] Starting operation Location.GetConnectionData
[2025-03-04 14:28:14Z INFO GitHubActionsService] Finished operation Location.GetConnectionData
[2025-03-04 14:28:14Z INFO GitHubActionsService] Finished operation Location.GetConnectionData
[2025-03-04 14:28:14Z INFO GitHubActionsService] Finished operation Location.GetConnectionData
[2025-03-04 14:28:15Z INFO Terminal] WRITE LINE: 
[2025-03-04 14:28:15Z INFO ConfigurationManager] Test Connection complete.
[2025-03-04 14:28:15Z INFO HostContext] Well known directory 'Bin': 'C:\Users\ASUS\OneDrive\Desktop\mypracticerepo\kumarnpractice\actions-runner\bin'
[2025-03-04 14:28:15Z INFO HostContext] Well known directory 'Root': 'C:\Users\ASUS\OneDrive\Desktop\mypracticerepo\kumarnpractice\actions-runner'
[2025-03-04 14:28:15Z INFO HostContext] Well known config file 'RSACredentials': 'C:\Users\ASUS\OneDrive\Desktop\mypracticerepo\kumarnpractice\actions-runner\.credentials_rsaparams'
[2025-03-04 14:28:15Z INFO RSAEncryptedFileKeyManager] Creating new RSA key using 2048-bit key length
[2025-03-04 14:28:15Z INFO RSAEncryptedFileKeyManager] Successfully saved RSA key parameters to file C:\Users\ASUS\OneDrive\Desktop\mypracticerepo\kumarnpractice\actions-runner\.credentials_rsaparams
[2025-03-04 14:28:15Z INFO CommandSettings] Arg 'runnergroup': ''
[2025-03-04 14:28:15Z INFO CommandSettings] Flag 'unattended': 'False'
[2025-03-04 14:28:15Z INFO PromptManager] ReadValue
[2025-03-04 14:28:15Z INFO Terminal] WRITE: Enter the name of the runner group to add this runner to: 
[2025-03-04 14:28:15Z INFO Terminal] WRITE: [press Enter for Default] 
[2025-03-04 14:28:15Z INFO Terminal] READ LINE
[2025-03-04 14:28:21Z INFO Terminal] Read value: ''
[2025-03-04 14:28:21Z INFO PromptManager] Falling back to the default: 'Default'
[2025-03-04 14:28:21Z INFO Terminal] WRITE LINE: 
[2025-03-04 14:28:21Z INFO ConfigurationManager] Found a self-hosted runner group with id 1 and name Default
[2025-03-04 14:28:21Z INFO CommandSettings] Flag 'disableupdate': 'False'
[2025-03-04 14:28:21Z INFO CommandSettings] Flag 'ephemeral': 'False'
[2025-03-04 14:28:21Z INFO CommandSettings] Arg 'name': ''
[2025-03-04 14:28:21Z INFO CommandSettings] Flag 'unattended': 'False'
[2025-03-04 14:28:21Z INFO PromptManager] ReadValue
[2025-03-04 14:28:21Z INFO Terminal] WRITE: Enter the name of runner: 
[2025-03-04 14:28:21Z INFO Terminal] WRITE: [press Enter for DESKTOP-1JS898M] 
[2025-03-04 14:28:21Z INFO Terminal] READ LINE
[2025-03-04 14:28:37Z INFO Terminal] Read value: 'myrunner'
[2025-03-04 14:28:37Z INFO Terminal] WRITE LINE: 
[2025-03-04 14:28:37Z INFO CommandSettings] Arg 'labels': ''
[2025-03-04 14:28:37Z INFO CommandSettings] Flag 'unattended': 'False'
[2025-03-04 14:28:37Z INFO PromptManager] ReadValue
[2025-03-04 14:28:37Z INFO Terminal] WRITE: This runner will have the following labels: 'self-hosted', 'Windows', 'X64' 
Enter any additional labels (ex. label-1,label-2): 
[2025-03-04 14:28:37Z INFO Terminal] WRITE: [press Enter to skip] 
[2025-03-04 14:28:37Z INFO Terminal] READ LINE
[2025-03-04 14:28:39Z INFO Terminal] Read value: ''
[2025-03-04 14:28:39Z INFO Terminal] WRITE LINE: 
[2025-03-04 14:28:39Z INFO CommandSettings] Flag 'disableupdate': 'False'
[2025-03-04 14:28:39Z INFO CommandSettings] Flag 'no-default-labels': 'False'
[2025-03-04 14:28:40Z INFO CommandSettings] Flag 'disableupdate': 'False'
[2025-03-04 14:28:40Z INFO CommandSettings] Flag 'ephemeral': 'False'
[2025-03-04 14:28:40Z INFO ConfigurationStore] Saving OAuth credential @ C:\Users\ASUS\OneDrive\Desktop\mypracticerepo\kumarnpractice\actions-runner\.credentials
[2025-03-04 14:28:40Z INFO ConfigurationStore] Credentials Saved.
[2025-03-04 14:28:40Z INFO ConfigurationStore] HasCredentials()
[2025-03-04 14:28:40Z INFO ConfigurationStore] stored True
[2025-03-04 14:28:40Z INFO CredentialManager] GetCredentialProvider
[2025-03-04 14:28:40Z INFO CredentialManager] Creating type OAuth
[2025-03-04 14:28:40Z INFO CredentialManager] Creating credential type: OAuth
[2025-03-04 14:28:40Z INFO RSAEncryptedFileKeyManager] Loading RSA key parameters from file C:\Users\ASUS\OneDrive\Desktop\mypracticerepo\kumarnpractice\actions-runner\.credentials_rsaparams
[2025-03-04 14:28:40Z INFO RunnerServer] EstablishVssConnection
[2025-03-04 14:28:40Z INFO RunnerServer] Establish connection with 100 seconds timeout.
[2025-03-04 14:28:40Z INFO GitHubActionsService] Starting operation Location.GetConnectionData
[2025-03-04 14:28:40Z INFO RunnerServer] EstablishVssConnection
[2025-03-04 14:28:40Z INFO RunnerServer] Establish connection with 60 seconds timeout.
[2025-03-04 14:28:40Z INFO GitHubActionsService] Starting operation Location.GetConnectionData
[2025-03-04 14:28:40Z INFO RunnerServer] EstablishVssConnection
[2025-03-04 14:28:40Z INFO RunnerServer] Establish connection with 60 seconds timeout.
[2025-03-04 14:28:40Z INFO GitHubActionsService] Starting operation Location.GetConnectionData
[2025-03-04 14:28:41Z INFO GitHubActionsService] Finished operation Location.GetConnectionData
[2025-03-04 14:28:41Z INFO GitHubActionsService] Finished operation Location.GetConnectionData
[2025-03-04 14:28:41Z INFO GitHubActionsService] Finished operation Location.GetConnectionData
[2025-03-04 14:28:41Z INFO RSAEncryptedFileKeyManager] Loading RSA key parameters from file C:\Users\ASUS\OneDrive\Desktop\mypracticerepo\kumarnpractice\actions-runner\.credentials_rsaparams
[2025-03-04 14:28:41Z INFO RSAEncryptedFileKeyManager] Loading RSA key parameters from file C:\Users\ASUS\OneDrive\Desktop\mypracticerepo\kumarnpractice\actions-runner\.credentials_rsaparams
[2025-03-04 14:28:42Z INFO GitHubActionsService] AAD Correlation ID for this token request: Unknown
[2025-03-04 14:28:42Z INFO CommandSettings] Arg 'work': ''
[2025-03-04 14:28:42Z INFO CommandSettings] Flag 'unattended': 'False'
[2025-03-04 14:28:42Z INFO PromptManager] ReadValue
[2025-03-04 14:28:42Z INFO Terminal] WRITE: Enter name of work folder: 
[2025-03-04 14:28:42Z INFO Terminal] WRITE: [press Enter for _work] 
[2025-03-04 14:28:42Z INFO Terminal] READ LINE
[2025-03-04 14:28:47Z INFO Terminal] Read value: ''
[2025-03-04 14:28:47Z INFO PromptManager] Falling back to the default: '_work'
[2025-03-04 14:28:47Z INFO ConfigurationStore] Saving runner settings.
[2025-03-04 14:28:47Z INFO ConfigurationStore] Settings Saved.
[2025-03-04 14:28:47Z INFO Terminal] WRITE LINE: 
[2025-03-04 14:28:47Z INFO Terminal] WRITE LINE: 
[2025-03-04 14:28:47Z INFO CommandSettings] Flag 'runasservice': 'False'
[2025-03-04 14:28:47Z INFO CommandSettings] Flag 'unattended': 'False'
[2025-03-04 14:28:47Z INFO PromptManager] ReadValue
[2025-03-04 14:28:47Z INFO Terminal] WRITE: Would you like to run the runner as service? (Y/N) 
[2025-03-04 14:28:47Z INFO Terminal] WRITE: [press Enter for N] 
[2025-03-04 14:28:47Z INFO Terminal] READ LINE
[2025-03-04 14:28:52Z INFO Terminal] Read value: 'y'
[2025-03-04 14:28:52Z INFO ConfigurationManager] Configuring to run the agent as service
[2025-03-04 14:28:52Z INFO CommandSettings] Arg 'windowslogonaccount': ''
[2025-03-04 14:28:52Z INFO CommandSettings] Flag 'unattended': 'False'
[2025-03-04 14:28:52Z INFO PromptManager] ReadValue
[2025-03-04 14:28:52Z INFO Terminal] WRITE: User account to use for the service 
[2025-03-04 14:28:52Z INFO Terminal] WRITE: [press Enter for NT AUTHORITY\NETWORK SERVICE] 
[2025-03-04 14:28:52Z INFO Terminal] READ LINE
[2025-03-04 14:28:56Z INFO Terminal] Read value: ''
[2025-03-04 14:28:56Z INFO PromptManager] Falling back to the default: 'NT AUTHORITY\NETWORK SERVICE'
[2025-03-04 14:28:56Z INFO WindowsServiceControlManager] LogonAccount after transforming: NT AUTHORITY\NETWORK SERVICE, user: NETWORK SERVICE, domain: NT AUTHORITY
[2025-03-04 14:28:56Z INFO WindowsServiceControlManager] Service name 'actions.runner.rameshgbabu-kumarnpractice.myrunner' display name 'GitHub Actions Runner (rameshgbabu-kumarnpractice.myrunner)' will be used for service configuration.
[2025-03-04 14:28:56Z INFO WindowsServiceControlManager] Verifying if the account has LogonAsService permission
[2025-03-04 14:28:56Z INFO NativeWindowsServiceHelper] Successfully grant logon as service privilege to account 'NETWORK SERVICE'
[2025-03-04 14:28:56Z INFO WindowsServiceControlManager] Create local group and grant folder permission to service logon account.
[2025-03-04 14:28:56Z INFO HostContext] Well known directory 'Bin': 'C:\Users\ASUS\OneDrive\Desktop\mypracticerepo\kumarnpractice\actions-runner\bin'
[2025-03-04 14:28:56Z INFO HostContext] Well known directory 'Root': 'C:\Users\ASUS\OneDrive\Desktop\mypracticerepo\kumarnpractice\actions-runner'
[2025-03-04 14:28:56Z INFO ConfigurationStore] Read setting file: 308 chars
[2025-03-04 14:28:56Z INFO HostContext] Well known directory 'Bin': 'C:\Users\ASUS\OneDrive\Desktop\mypracticerepo\kumarnpractice\actions-runner\bin'
[2025-03-04 14:28:56Z INFO HostContext] Well known directory 'Root': 'C:\Users\ASUS\OneDrive\Desktop\mypracticerepo\kumarnpractice\actions-runner'
[2025-03-04 14:28:56Z INFO HostContext] Well known directory 'Work': 'C:\Users\ASUS\OneDrive\Desktop\mypracticerepo\kumarnpractice\actions-runner\_work'
[2025-03-04 14:28:56Z INFO HostContext] Well known directory 'Bin': 'C:\Users\ASUS\OneDrive\Desktop\mypracticerepo\kumarnpractice\actions-runner\bin'
[2025-03-04 14:28:56Z INFO NativeWindowsServiceHelper] Calculated unique group name GITHUB_ActionsRunner_G50941
[2025-03-04 14:28:56Z INFO NativeWindowsServiceHelper] Trying to create group GITHUB_ActionsRunner_G50941
[2025-03-04 14:28:56Z INFO NativeWindowsServiceHelper] Local Group 'GITHUB_ActionsRunner_G50941' created
[2025-03-04 14:28:56Z INFO NativeWindowsServiceHelper] Trying to add userName NT AUTHORITY\NETWORK SERVICE to the group GITHUB_ActionsRunner_G50941
[2025-03-04 14:28:56Z INFO NativeWindowsServiceHelper] Account 'NT AUTHORITY\NETWORK SERVICE' is added to local group 'GITHUB_ActionsRunner_G50941'.
[2025-03-04 14:28:56Z INFO NativeWindowsServiceHelper] Set full access control to group for the folder C:\Users\ASUS\OneDrive\Desktop\mypracticerepo\kumarnpractice\actions-runner
[2025-03-04 14:28:56Z INFO NativeWindowsServiceHelper] Set full access control to group for the folder C:\Users\ASUS\OneDrive\Desktop\mypracticerepo\kumarnpractice\actions-runner\_work
[2025-03-04 14:28:56Z INFO NativeWindowsServiceHelper] Local group 'GITHUB_ActionsRunner_G50941' already has full control to path 'C:\Users\ASUS\OneDrive\Desktop\mypracticerepo\kumarnpractice\actions-runner\_work'.
[2025-03-04 14:28:56Z INFO Terminal] WRITE LINE: Granting file permissions to 'NT AUTHORITY\NETWORK SERVICE'.
[2025-03-04 14:28:56Z INFO HostContext] Well known directory 'Bin': 'C:\Users\ASUS\OneDrive\Desktop\mypracticerepo\kumarnpractice\actions-runner\bin'
[2025-03-04 14:28:56Z INFO ProcessInvokerWrapper] Starting process:
[2025-03-04 14:28:56Z INFO ProcessInvokerWrapper]   File name: '"C:\Users\ASUS\OneDrive\Desktop\mypracticerepo\kumarnpractice\actions-runner\bin\RunnerService.exe"'
[2025-03-04 14:28:56Z INFO ProcessInvokerWrapper]   Arguments: 'init'
[2025-03-04 14:28:56Z INFO ProcessInvokerWrapper]   Working directory: ''
[2025-03-04 14:28:56Z INFO ProcessInvokerWrapper]   Require exit code zero: 'True'
[2025-03-04 14:28:56Z INFO ProcessInvokerWrapper]   Encoding web name:  ; code page: ''
[2025-03-04 14:28:56Z INFO ProcessInvokerWrapper]   Force kill process on cancellation: 'False'
[2025-03-04 14:28:56Z INFO ProcessInvokerWrapper]   Redirected STDIN: 'False'
[2025-03-04 14:28:56Z INFO ProcessInvokerWrapper]   Persist current code page: 'False'
[2025-03-04 14:28:56Z INFO ProcessInvokerWrapper]   Keep redirected STDIN open: 'False'
[2025-03-04 14:28:56Z INFO ProcessInvokerWrapper]   High priority process: 'False'
[2025-03-04 14:28:56Z INFO ProcessInvokerWrapper] Process started with process id 8732, waiting for process exit.
[2025-03-04 14:28:57Z INFO ProcessInvokerWrapper] STDOUT/STDERR stream read finished.
[2025-03-04 14:28:57Z INFO ProcessInvokerWrapper] STDOUT/STDERR stream read finished.
[2025-03-04 14:28:57Z INFO ProcessInvokerWrapper] Finished process 8732 with exit code 0, and elapsed time 00:00:00.8149623.
[2025-03-04 14:28:57Z INFO Terminal] WRITE LINE: Service actions.runner.rameshgbabu-kumarnpractice.myrunner successfully installed
[2025-03-04 14:28:57Z INFO Terminal] WRITE LINE: Service actions.runner.rameshgbabu-kumarnpractice.myrunner successfully set recovery option
[2025-03-04 14:28:57Z INFO Terminal] WRITE LINE: Service actions.runner.rameshgbabu-kumarnpractice.myrunner successfully set to delayed auto start
[2025-03-04 14:28:57Z INFO Terminal] WRITE LINE: Service actions.runner.rameshgbabu-kumarnpractice.myrunner successfully configured
[2025-03-04 14:28:57Z INFO HostContext] Well known directory 'Bin': 'C:\Users\ASUS\OneDrive\Desktop\mypracticerepo\kumarnpractice\actions-runner\bin'
[2025-03-04 14:28:57Z INFO HostContext] Well known directory 'Root': 'C:\Users\ASUS\OneDrive\Desktop\mypracticerepo\kumarnpractice\actions-runner'
[2025-03-04 14:28:57Z INFO HostContext] Well known config file 'Service': 'C:\Users\ASUS\OneDrive\Desktop\mypracticerepo\kumarnpractice\actions-runner\.service'
[2025-03-04 14:28:57Z INFO WindowsServiceControlManager] Configuration was successful, trying to start the service
[2025-03-04 14:28:57Z INFO Terminal] WRITE LINE: Waiting for service to start...
[2025-03-04 14:28:58Z INFO Terminal] WRITE LINE: Service actions.runner.rameshgbabu-kumarnpractice.myrunner started successfully
[2025-03-04 14:28:58Z INFO Listener] Runner execution has finished with return code 0
